<?xml version="1.0" encoding="UTF-8"?>
<!-- Generated by org.testng.reporters.JUnitReportReporter -->
<testsuite skipped="0" hostname="DESKTOP-IU39J6M" name="qa.TechFios.Test.HomePageTest" tests="2" failures="0" timestamp="14 Mar 2021 21:16:25 GMT" time="13.492" errors="0">
  <testcase name="HomePageTitleVerufy" time="6.516" classname="qa.TechFios.Test.HomePageTest"/>
  <testcase name="ClickOnContectsPage" time="6.976" classname="qa.TechFios.Test.HomePageTest"/>
</testsuite> <!-- qa.TechFios.Test.HomePageTest -->
