<?xml version="1.0" encoding="UTF-8"?>
<!-- Generated by org.testng.reporters.JUnitReportReporter -->
<testsuite skipped="0" hostname="DESKTOP-IU39J6M" name="qa.TechFios.Test.LoginPageTest" tests="2" failures="0" timestamp="14 Mar 2021 21:16:25 GMT" time="13.428" errors="0">
  <testcase name="TechFiosLogoTest" time="6.111" classname="qa.TechFios.Test.LoginPageTest"/>
  <testcase name="LogInTest" time="7.317" classname="qa.TechFios.Test.LoginPageTest"/>
</testsuite> <!-- qa.TechFios.Test.LoginPageTest -->
