<?xml version="1.0" encoding="UTF-8"?>
<!-- Generated by org.testng.reporters.JUnitReportReporter -->
<testsuite skipped="0" hostname="DESKTOP-IU39J6M" name="qa.TechFios.Test.AddContectsPageTest" tests="6" failures="0" timestamp="14 Mar 2021 21:08:20 GMT" time="49.331" errors="0">
  <testcase name="titileVerify" time="7.732" classname="qa.TechFios.Test.AddContectsPageTest"/>
  <testcase name="addContect" time="8.928" classname="qa.TechFios.Test.AddContectsPageTest"/>
  <testcase name="addContect" time="8.460" classname="qa.TechFios.Test.AddContectsPageTest"/>
  <testcase name="addContect" time="8.126" classname="qa.TechFios.Test.AddContectsPageTest"/>
  <testcase name="addContect" time="8.008" classname="qa.TechFios.Test.AddContectsPageTest"/>
  <testcase name="addContect" time="8.077" classname="qa.TechFios.Test.AddContectsPageTest"/>
</testsuite> <!-- qa.TechFios.Test.AddContectsPageTest -->
